********************************************************************************************************************************************************************************************************
[2026-02-07 05:00:47] [INFO] [***_Prd] Stage: System_Run_Email | Status: Started | Message: [NB_Slv_System_Run_Report] started at 2026-02-07 05:00:05

Workspace Name: [***_Prd]
Notebook Name: [NB_Slv_System_Run_Report]
Notebook Run ID: [***-***-***-***-***]
Notebook Trigger ID: [***-***-***-***-***]
Notebook Trigger Time: [(2026-02-07 05:00:05)]
Notebook Trigger Type: [Scheduled]
Notebook Trigger By: [Scheduling Module]
Notebook Trigger Status: [Success]

[2026-02-07 05:00:49] [INFO] [***_Prd] Stage: System_Run_Email | Status: Start | Message: Configured lakehouse paths:
System_Run_Log: abfss://***_Prd@onelake.dfs.fabric.microsoft.com/LH_Slv_***.Lakehouse/Tables/System_Run_Log
[2026-02-07 05:00:57] [INFO] [***_Prd] Stage: System_Run_Email | Status: Success | Message: Loaded tables: System_Run_Log (1399 rows)
[2026-02-07 05:01:04] [INFO] [***_Prd] Stage: System_Run_Email | Status: Success | Message: Selected 13 system run record(s) from 2026-02-06 04:00:00 (Adelaide) till 2026-02-07 05:01:00 (Adelaide) from System_Run_Log table.
[2026-02-07 05:01:07] [INFO] [***_Prd] Stage: System_Run_Email | Status: Success | Message: System Run Record 1/13
run_id              : ***-***-***-***-***
workspace_name      : ***_Prd
object_name         : NB_Slv_System_Cleanup
object_type         : Notebook
object_subtype      : Lakehouse Cleanup
start_time          : 2026-02-07T03:00:04
end_time            : 2026-02-07T03:05:26
duration            : 00:05:22
status              : Success
result_message      : Cleanup of old lakehouse folders completed successfully. Total Parquet folders deleted: 0, Total JSON folders deleted: 1, Total Log folders deleted: 11.
trigger_type        : Scheduled
triggered_by        : Scheduling Module
log_day             : 2026-02-07

[2026-02-07 05:01:08] [INFO] [***_Prd] Stage: System_Run_Email | Status: Success | Message: System Run Record 2/13
run_id              : ***-***-***-***-***
workspace_name      : ***_Prd
object_name         : NB_Slv_System_Run_Report
object_type         : Notebook
object_subtype      : System Run Reporter
start_time          : 2026-02-06T05:00:03
end_time            : 2026-02-06T05:03:33
duration            : 00:03:30
status              : Success
result_message      : System run report generated successfully. 12 system run(s) processed from 2026-02-05 04:00:00 (Adelaide) till 2026-02-06 05:01:06 (Adelaide), including HTML summary and charts.
trigger_type        : Scheduled
triggered_by        : Scheduling Module
log_day             : 2026-02-06

[2026-02-07 05:01:10] [INFO] [***_Prd] Stage: System_Run_Email | Status: Success | Message: System Run Record 3/13
run_id              : ***-***-***-***-***
workspace_name      : ***_Prd
object_name         : PL_Brz_***_***_Lander
object_type         : Pipeline
object_subtype      : Oracle Lander
start_time          : 2026-02-06T23:45:34
end_time            : 2026-02-06T23:57:24
duration            : 00:11:50
status              : Success
result_message      : Pipeline completed successfully.
trigger_type        : Orchestrator Pipeline
triggered_by        : PL_Brz_***_***_***_***
log_day             : 2026-02-06

[2026-02-07 05:01:12] [INFO] [***_Prd] Stage: System_Run_Email | Status: Success | Message: System Run Record 4/13
run_id              : ***-***-***-***-***
workspace_name      : ***_Prd
object_name         : PL_Brz_***_Lander
object_type         : Pipeline
object_subtype      : Lakehouse Lander
start_time          : 2026-02-06T23:01:50
end_time            : 2026-02-06T23:42:22
duration            : 00:40:32
status              : Success
result_message      : Pipeline completed successfully.
trigger_type        : Orchestrator Pipeline
triggered_by        : PL_Brz_***_***_***_***
log_day             : 2026-02-06

[2026-02-07 05:01:14] [INFO] [***_Prd] Stage: System_Run_Email | Status: Success | Message: System Run Record 5/13
run_id              : ***-***-***-***-***
workspace_name      : ***_Prd
object_name         : PL_Brz_***_Lander
object_type         : Pipeline
object_subtype      : Lakehouse Lander
start_time          : 2026-02-06T23:01:50
end_time            : 2026-02-06T23:56:03
duration            : 00:54:13
status              : Success
result_message      : Pipeline completed successfully.
trigger_type        : Orchestrator Pipeline
triggered_by        : PL_Brz_***_***_***_***
log_day             : 2026-02-06

[2026-02-07 05:01:17] [INFO] [***_Prd] Stage: System_Run_Email | Status: Success | Message: System Run Record 6/13
run_id              : ***-***-***-***-***
workspace_name      : ***_Prd
object_name         : PL_Brz_J***_Lander
object_type         : Pipeline
object_subtype      : Lakehouse Lander
start_time          : 2026-02-06T23:01:50
end_time            : 2026-02-06T23:34:57
duration            : 00:33:07
status              : Success
result_message      : Pipeline completed successfully.
trigger_type        : Orchestrator Pipeline
triggered_by        : PL_Brz_***_***_***_***
log_day             : 2026-02-06

[2026-02-07 05:01:18] [INFO] [***_Prd] Stage: System_Run_Email | Status: Success | Message: System Run Record 7/13
run_id              : ***-***-***-***-***
workspace_name      : ***_Prd
object_name         : PL_Brz_***_Lander
object_type         : Pipeline
object_subtype      : Lakehouse Lander
start_time          : 2026-02-06T23:01:50
end_time            : 2026-02-06T23:29:41
duration            : 00:27:51
status              : Success
result_message      : Pipeline completed successfully.
trigger_type        : Orchestrator Pipeline
triggered_by        : PL_Brz_***_***_***_***
log_day             : 2026-02-06

[2026-02-07 05:01:21] [INFO] [***_Prd] Stage: System_Run_Email | Status: Success | Message: System Run Record 8/13
run_id              : ***-***-***-***-***
workspace_name      : ***_Prd
object_name         : PL_Brz_***_Lander
object_type         : Pipeline
object_subtype      : Lakehouse Lander
start_time          : 2026-02-06T23:01:50
end_time            : 2026-02-06T23:20:40
duration            : 00:18:50
status              : Success
result_message      : Pipeline completed successfully.
trigger_type        : Orchestrator Pipeline
triggered_by        : PL_Brz_***_***_***_***
log_day             : 2026-02-06

[2026-02-07 05:01:24] [INFO] [***_Prd] Stage: System_Run_Email | Status: Success | Message: System Run Record 9/13
run_id              : ***-***-***-***-***
workspace_name      : ***_Prd
object_name         : PL_Slv_***_***
object_type         : Pipeline
object_subtype      : Silver Builder
start_time          : 2026-02-06T23:45:38
end_time            : 2026-02-07T00:10:51
duration            : 00:25:13
status              : Success
result_message      : Pipeline completed successfully.
trigger_type        : Orchestrator Pipeline
triggered_by        : PL_Brz_***_***_***_***
log_day             : 2026-02-07

[2026-02-07 05:01:25] [INFO] [***_Prd] Stage: System_Run_Email | Status: Success | Message: System Run Record 10/13
run_id              : ***-***-***-***-***
workspace_name      : ***_Prd
object_name         : PL_Brz_***_***_***_***
object_type         : Pipeline
object_subtype      : Orchestrator
start_time          : 2026-02-06T23:00:01
end_time            : 2026-02-07T00:16:07
duration            : 01:16:06
status              : Success
result_message      : Pipeline completed successfully.
trigger_type        : Scheduled
triggered_by        : Scheduling Module
log_day             : 2026-02-07

[2026-02-07 05:01:27] [INFO] [***_Prd] Stage: System_Run_Email | Status: Success | Message: System Run Record 11/13
run_id              : ***-***-***-***-***
workspace_name      : ***_Prd
object_name         : PL_Brz_***_Lander
object_type         : Pipeline
object_subtype      : Lakehouse Lander
start_time          : 2026-02-06T09:10:01
end_time            : 2026-02-06T09:59:00
duration            : 00:48:59
status              : Success
result_message      : Pipeline completed successfully.
trigger_type        : Scheduled
triggered_by        : Scheduling Module
log_day             : 2026-02-06

[2026-02-07 05:01:28] [INFO] [***_Prd] Stage: System_Run_Email | Status: Success | Message: System Run Record 12/13
run_id              : ***-***-***-***-***
workspace_name      : ***_Prd
object_name         : PL_Slv_***_***
object_type         : Pipeline
object_subtype      : Silver Builder
start_time          : 2026-02-06T11:35:29
end_time            : 2026-02-06T12:02:31
duration            : 00:27:02
status              : Success
result_message      : Pipeline completed successfully.
trigger_type        : Manual
triggered_by        : Yazdan ***
log_day             : 2026-02-06

[2026-02-07 05:01:31] [INFO] [***_Prd] Stage: System_Run_Email | Status: Success | Message: System Run Record 13/13
run_id              : ***-***-***-***-***
workspace_name      : ***_Prd
object_name         : PL_***_***_***
object_type         : Pipeline
object_subtype      : Silver Builder
start_time          : 2026-02-06T16:24:36
end_time            : 2026-02-06T16:58:33
duration            : 00:33:57
status              : Success
result_message      : Pipeline completed successfully.
trigger_type        : Manual
triggered_by        : Yazdan ***
log_day             : 2026-02-06

[2026-02-07 05:01:34] [INFO] [***_Prd] Stage: System_Run_Email | Status: Success | Message: HTML table for System_Run_Log table built successfully.
[2026-02-07 05:02:08] [INFO] [***_Prd] Stage: System_Run_Email | Status: Success | Message: Charts HTML for System_Run_Log table built successfully
[2026-02-07 05:02:11] [INFO] [***_Prd] Stage: System_Run_Email | Status: Success | Message: System_Run_Log HTML and Charts combined successfully.
[2026-02-07 05:02:33] [INFO] [***_Prd] Stage: NB_Slv_System_Run_Report | Status: Success | Message: System run log successfully updated in System_Run_Log table with the following fields:

Run ID: [***-***-***-8d58-***]
Workspace Name: [***_Prd]
Object Type: [Notebook]
Object Name: [NB_Slv_System_Run_Report]
Object Subtype: [System Run Reporter]
Start Time: [(2026-02-07 05:00:05)]
End Time: [(2026-02-07 05:03:15)]
Duration: [00:03:10]
Status: [Success]
Result Message: [System run report generated successfully. 13 system run(s) processed from 2026-02-06 04:00:00 (Adelaide) till 2026-02-07 05:01:00 (Adelaide), including HTML summary and charts.]
Trigger Type: [Scheduled]
Triggered By: [Scheduling Module]
Log Date: [(2026-02-07 05:02:15)]
Log Day: [2026-02-07]
Additional Metadata: [map()]
Tags: [array('notebook', 'success')]
Description: []

========================================================================================================================================================================================================
[2026-02-07 05:02:38] [INFO] [***_Prd] Stage: System_Run_Email | Status: Completed | Message: [NB_Slv_System_Run_Report] finished successfully at 2026-02-07 05:03:15
********************************************************************************************************************************************************************************************************
[2026-02-07 05:02:49] [INFO] [***_Prd] Stage: Sending_Email | Status: Success | Message: Extract Email Configuration:

Workspace: ***_Prd
Module: NB_Slv_System_Run_Report
Stage: System_Run
Email Mode: 60
Has Attachment: True
Attachment Mode: 1

[2026-02-07 05:02:52] [INFO] [***_Prd] Stage: Sending_Email | Status: Success | Message: Email sent successfully via port *** (STARTTLS).
********************************************************************************************************************************************************************************************************
